2017-09-14 10:46:56,932  INFO AbstractContextLoader:242 - Could not detect default resource locations for test class [com.didispace.ApplicationTests]: no resource found for suffixes {-context.xml, Context.groovy}.
2017-09-14 10:46:56,944  INFO DefaultTestContextBootstrapper:259 - Loaded default TestExecutionListener class names from location [META-INF/spring.factories]: [org.springframework.test.context.web.ServletTestExecutionListener, org.springframework.test.context.support.DirtiesContextBeforeModesTestExecutionListener, org.springframework.test.context.support.DependencyInjectionTestExecutionListener, org.springframework.test.context.support.DirtiesContextTestExecutionListener, org.springframework.test.context.transaction.TransactionalTestExecutionListener, org.springframework.test.context.jdbc.SqlScriptsTestExecutionListener]
2017-09-14 10:46:56,948  INFO DefaultTestContextBootstrapper:207 - Could not instantiate TestExecutionListener [org.springframework.test.context.transaction.TransactionalTestExecutionListener]. Specify custom listener classes or make the default listener classes (and their required dependencies) available. Offending class: [org/springframework/transaction/interceptor/TransactionAttributeSource]
2017-09-14 10:46:56,949  INFO DefaultTestContextBootstrapper:207 - Could not instantiate TestExecutionListener [org.springframework.test.context.jdbc.SqlScriptsTestExecutionListener]. Specify custom listener classes or make the default listener classes (and their required dependencies) available. Offending class: [org/springframework/transaction/interceptor/TransactionAttribute]
2017-09-14 10:46:56,951  INFO DefaultTestContextBootstrapper:207 - Could not instantiate TestExecutionListener [org.springframework.test.context.web.ServletTestExecutionListener]. Specify custom listener classes or make the default listener classes (and their required dependencies) available. Offending class: [javax/servlet/ServletContext]
2017-09-14 10:46:56,953  INFO DefaultTestContextBootstrapper:185 - Using TestExecutionListeners: [org.springframework.test.context.support.DirtiesContextBeforeModesTestExecutionListener@3532ec19, org.springframework.test.context.support.DependencyInjectionTestExecutionListener@68c4039c, org.springframework.test.context.support.DirtiesContextTestExecutionListener@ae45eb6]
2017-09-14 10:46:56,960  INFO AbstractContextLoader:242 - Could not detect default resource locations for test class [com.didispace.ApplicationTests]: no resource found for suffixes {-context.xml, Context.groovy}.
2017-09-14 10:46:56,962  INFO DefaultTestContextBootstrapper:259 - Loaded default TestExecutionListener class names from location [META-INF/spring.factories]: [org.springframework.test.context.web.ServletTestExecutionListener, org.springframework.test.context.support.DirtiesContextBeforeModesTestExecutionListener, org.springframework.test.context.support.DependencyInjectionTestExecutionListener, org.springframework.test.context.support.DirtiesContextTestExecutionListener, org.springframework.test.context.transaction.TransactionalTestExecutionListener, org.springframework.test.context.jdbc.SqlScriptsTestExecutionListener]
2017-09-14 10:46:56,963  INFO DefaultTestContextBootstrapper:207 - Could not instantiate TestExecutionListener [org.springframework.test.context.transaction.TransactionalTestExecutionListener]. Specify custom listener classes or make the default listener classes (and their required dependencies) available. Offending class: [org/springframework/transaction/interceptor/TransactionAttributeSource]
2017-09-14 10:46:56,964  INFO DefaultTestContextBootstrapper:207 - Could not instantiate TestExecutionListener [org.springframework.test.context.jdbc.SqlScriptsTestExecutionListener]. Specify custom listener classes or make the default listener classes (and their required dependencies) available. Offending class: [org/springframework/transaction/interceptor/TransactionAttribute]
2017-09-14 10:46:56,964  INFO DefaultTestContextBootstrapper:207 - Could not instantiate TestExecutionListener [org.springframework.test.context.web.ServletTestExecutionListener]. Specify custom listener classes or make the default listener classes (and their required dependencies) available. Offending class: [javax/servlet/ServletContext]
2017-09-14 10:46:56,965  INFO DefaultTestContextBootstrapper:185 - Using TestExecutionListeners: [org.springframework.test.context.support.DirtiesContextBeforeModesTestExecutionListener@1a968a59, org.springframework.test.context.support.DependencyInjectionTestExecutionListener@4667ae56, org.springframework.test.context.support.DirtiesContextTestExecutionListener@77cd7a0]
2017-09-14 10:46:57,309  INFO ApplicationTests:48 - Starting ApplicationTests on pl1cnctu0040nb with PID 10312 (D:\github\SpringBoot-Learning\Chapter4-2-2\target\test-classes started by h7gsbw in D:\github\SpringBoot-Learning\Chapter4-2-2)
2017-09-14 10:46:57,309 DEBUG ApplicationTests:51 - Running with Spring Boot v1.3.2.RELEASE, Spring v4.2.4.RELEASE
2017-09-14 10:46:57,311  INFO ApplicationTests:666 - No active profile set, falling back to default profiles: default
2017-09-14 10:46:57,343  INFO AnnotationConfigApplicationContext:578 - Refreshing org.springframework.context.annotation.AnnotationConfigApplicationContext@5c1a8622: startup date [Thu Sep 14 10:46:57 CST 2017]; root of context hierarchy
2017-09-14 10:46:57,755  INFO ApplicationTests:57 - Started ApplicationTests in 0.728 seconds (JVM running for 1.201)
2017-09-14 10:46:57,761  INFO ApplicationTests:18 - ??info
2017-09-14 10:46:57,761 DEBUG ApplicationTests:19 - ??debug
2017-09-14 10:46:57,762 ERROR ApplicationTests:20 - ??error
2017-09-14 10:46:57,765  INFO AnnotationConfigApplicationContext:960 - Closing org.springframework.context.annotation.AnnotationConfigApplicationContext@5c1a8622: startup date [Thu Sep 14 10:46:57 CST 2017]; root of context hierarchy
